  Building GameAssembly.dll with MsvcWinRtToolChain
  	Msvc Install Version: 15.0
  	Msvc Install SDK Directory: C:\Program Files (x86)\Windows Kits\10
  	Msvc Linker Path: C:\Program Files\Microsoft Visual Studio\2022\Community\VC\Tools\MSVC\14.34.31933\bin\HostX64\x86\link.exe
  	Msvc Compiler Path: C:\Program Files\Microsoft Visual Studio\2022\Community\VC\Tools\MSVC\14.34.31933\bin\HostX64\x86\cl.exe
  
  	Output directory: C:\Users\mozzy\OneDrive\Documents\GitKraken Repos\21\App\build\bin\Win32\Release
  	Cache directory: C:\Users\mozzy\OneDrive\Documents\GitKraken Repos\21\App\build\obj\il2cppOutputProject\Win32\Release
  mscorlib_CodeGen.c
  Il2CppMetadataUsage.c
  Il2CppTypeDefinitions.c
  mscorlib10.cpp
  mscorlib7.cpp
  mscorlib15.cpp
  mscorlib2.cpp
  mscorlib4.cpp
  mscorlib16.cpp
  UnityEngine.UIElementsModule.cpp
  Il2CppInvokerTable.cpp
  mscorlib12.cpp
  mscorlib11.cpp
  Il2CppAttributes.cpp
  Il2CppCompilerCalculateTypeValues.cpp
  mscorlib3.cpp
  Il2CppGenericMethodPointerTable.cpp
  mscorlib9.cpp
  Il2CppCompilerCalculateTypeValues1.cpp
  mscorlib1.cpp
  mscorlib6.cpp
  GenericMethods3.cpp
  Generics.cpp
  mscorlib13.cpp
  UnityEngine.CoreModule.cpp
  Generics10.cpp
  mscorlib8.cpp
  mscorlib.cpp
  Generics7.cpp
  GenericMethods.cpp
  Il2CppGenericMethodDefinitions.c
  Il2CppGenericMethodTable.c
  Generics11.cpp
  mscorlib14.cpp
  Generics1.cpp
  Generics9.cpp
  Generics3.cpp
  Generics4.cpp
  Generics2.cpp
  Generics5.cpp
  UnityEngine.CoreModule1.cpp
  I18N.Rare.cpp
  mscorlib5.cpp
  Generics6.cpp
  GenericMethods2.cpp
  GenericMethods1.cpp
  Il2CppGenericClassTable.c
  System.cpp
  System1.cpp
  Il2CppGenericInstDefinitions.c
  char-conversions.cpp
  UnityEngine.VRModule.cpp
  I18N.CJK.cpp
  Generics8.cpp
  UnityEngine.IMGUIModule.cpp
  GenericMethods4.cpp
  Il2CppCompilerCalculateTypeValuesTable.cpp
  UnresolvedVirtualCallStubs.cpp
  I18N.West.cpp
  I18N.Rare1.cpp
  UnityEngine.CoreModule_CodeGen.c
  mscorlib17.cpp
  UnityEngine.TerrainModule.cpp
  UnityEngine.AndroidJNIModule.cpp
  System_CodeGen.c
  UnityEngine.UIElementsModule_CodeGen.c
  Il2CppGenericAdjustorThunkTable.cpp
  I18N.Other.cpp
  UnityEngine.PhysicsModule.cpp
  Il2CppInteropDataTable.cpp
  UnityEngine.AnimationModule.cpp
  UnityEngine.Physics2DModule.cpp
  UnityEngine.XRModule.cpp
  UnityEngine.UIElementsModule1.cpp
  UnityEngine.SharedInternalsModule.cpp
  I18N.MidEast.cpp
  UnityEngine.SubsystemsModule.cpp
  Mono.Security.cpp
  UnityEngine.IMGUIModule_CodeGen.c
  I18N.Rare_CodeGen.c
  I18N.cpp
  UnityEngine.InputLegacyModule.cpp
  UnityEngine.TilemapModule.cpp
  UnityEngine.VRModule_CodeGen.c
  UnityEngine.AndroidJNIModule_CodeGen.c
  deflate.c
  UnityEngine.VideoModule.cpp
  UnityEngine.AudioModule.cpp
  UnityEngine.ParticleSystemModule.cpp
  I18N.CJK_CodeGen.c
  UnityEngine.UnityAnalyticsModule.cpp
  System.Configuration.cpp
  xamarin_getifaddrs.c
  inflate.c
  UnityEngine.UnityWebRequestModule.cpp
  UnityEngine.VFXModule.cpp
  I18N_CodeGen.c
  trees.c
  I18N.West_CodeGen.c
  UnityEngine.AssetBundleModule.cpp
  UnityEngine.AnimationModule_CodeGen.c
  UnityEngine.InputModule.cpp
  UnityEngine.TextRenderingModule.cpp
  UnityEngine.XRModule_CodeGen.c
  UnityEngine.UIModule.cpp
  I18N.Other_CodeGen.c
  gzread.c
  infback.c
  gzwrite.c
  UnityEngine.DirectorModule.cpp
  System.Core.cpp
  UnityEngine.PhysicsModule_CodeGen.c
  UnityEngine.Physics2DModule_CodeGen.c
  UnityEngine.TerrainModule_CodeGen.c
  crc32.c
  gzlib.c
  UnityEngine.SharedInternalsModule_CodeGen.c
  UnityEngine.AIModule.cpp
  inftrees.c
  I18N.MidEast_CodeGen.c
  inffast.c
  UnityEngine.VideoModule_CodeGen.c
  UnityEngine.AudioModule_CodeGen.c
  UnityEngine.ParticleSystemModule_CodeGen.c
  zutil.c
  UnityEngine.SubsystemsModule_CodeGen.c
  System.Core_CodeGen.c
  UnityEngine.TilemapModule_CodeGen.c
  UnityEngine.UnityAnalyticsModule_CodeGen.c
  System.Configuration_CodeGen.c
  il2cpp-api.cpp
  Il2CppCodeRegistration.cpp
  Mono.Security_CodeGen.c
  UnityEngine.VFXModule_CodeGen.c
  UnityEngine.InputLegacyModule_CodeGen.c
  uncompr.c
  UnityEngine.GridModule.cpp
  System.Xml.cpp
  compress.c
  UnityEngine.InputModule_CodeGen.c
  adler32.c
  UnityAdsStubs.cpp
  krait_signal_handler.c
  UnityEngine.UnityWebRequestModule_CodeGen.c
  UnityEngine.AIModule_CodeGen.c
  UnityEngine.DirectorModule_CodeGen.c
  UnityEngine.UIModule_CodeGen.c
  Il2CppMetadataRegistration.c
  UnityEngine.TextRenderingModule_CodeGen.c
  Il2CppReversePInvokeWrapperTable.cpp
  UnityEngine.GridModule_CodeGen.c
  il2cpp-benchmark-support.cpp
  System.Xml_CodeGen.c
  UnityEngine.AssetBundleModule_CodeGen.c
  UnityEngine.cpp
  UnityEngine_CodeGen.c
  gzclose.c
  Lump_libil2cpp_mono-runtime.cpp
  Lump_libil2cpp_debugger.cpp
  il2cpp-runtime-stats.cpp
  Il2CppGenericComDefinitions.cpp
  Lump_libil2cpp_utils.cpp
  Lump_libil2cpp_vm-utils.cpp
  Lump_libil2cpp_metadata.cpp
  Lump_libil2cpp_gc.cpp
  Lump_libil2cpp_codegen.cpp
  gc.c
  Lump_libil2cpp_mono.cpp
  Lump_libil2cpp_icalls.cpp
  Lump_libil2cpp_vm.cpp
  Lump_libil2cpp_os.cpp
  ObjectFiles: 171 of which compiled: 171
  	Time Compile: 7589 milliseconds System.cpp
  	Time Compile: 6372 milliseconds mscorlib5.cpp
  	Time Compile: 5453 milliseconds mscorlib6.cpp
  	Time Compile: 5257 milliseconds Lump_libil2cpp_os.cpp
  	Time Compile: 4816 milliseconds mscorlib.cpp
  	Time Compile: 4429 milliseconds GenericMethods2.cpp
  	Time Compile: 4158 milliseconds Generics8.cpp
  	Time Compile: 4101 milliseconds mscorlib9.cpp
  	Time Compile: 4069 milliseconds Lump_libil2cpp_vm.cpp
  	Time Compile: 3947 milliseconds mscorlib3.cpp
  Total compilation time: 17618 milliseconds.
  Creating library C:\Users\mozzy\OneDrive\Documents\GitKraken Repos\21\App\build\obj\il2cppOutputProject\Win32\Release\linkresult_44E373EEA524ED4DCBA6ADDE290A1F71\GameAssembly.lib and object C:\Users\mozzy\OneDrive\Documents\GitKraken Repos\21\App\build\obj\il2cppOutputProject\Win32\Release\linkresult_44E373EEA524ED4DCBA6ADDE290A1F71\GameAssembly.exp
  Total link time: 1059 milliseconds.
  Cleaned up 1 object files.
